0 info it worked if it ends with ok
1 verbose cli [ 'node', '/usr/local/bin/npm', 'unlink' ]
2 info using npm@3.5.0
3 info using node@v0.12.7
4 verbose node symlink /usr/local/bin/node
5 verbose stack Error: Invalid name: "PandoraBox_Module_PB_<%= moduleName %>"
5 verbose stack     at ensureValidName (/usr/local/lib/node_modules/npm/node_modules/normalize-package-data/lib/fixer.js:336:15)
5 verbose stack     at Object.module.exports.fixNameField (/usr/local/lib/node_modules/npm/node_modules/normalize-package-data/lib/fixer.js:215:5)
5 verbose stack     at /usr/local/lib/node_modules/npm/node_modules/normalize-package-data/lib/normalize.js:32:38
5 verbose stack     at Array.forEach (native)
5 verbose stack     at normalize (/usr/local/lib/node_modules/npm/node_modules/normalize-package-data/lib/normalize.js:31:15)
5 verbose stack     at final (/usr/local/lib/node_modules/npm/node_modules/read-package-json/read-json.js:338:5)
5 verbose stack     at then (/usr/local/lib/node_modules/npm/node_modules/read-package-json/read-json.js:113:5)
5 verbose stack     at /usr/local/lib/node_modules/npm/node_modules/read-package-json/read-json.js:232:12
5 verbose stack     at /usr/local/lib/node_modules/npm/node_modules/graceful-fs/graceful-fs.js:76:16
5 verbose stack     at fs.js:334:14
6 verbose cwd /Users/arylo/src/node/generator-pb-lua/generator-pb-lua/generators/app/templates
7 error Darwin 15.2.0
8 error argv "node" "/usr/local/bin/npm" "unlink"
9 error node v0.12.7
10 error npm  v3.5.0
11 error Invalid name: "PandoraBox_Module_PB_<%= moduleName %>"
12 error If you need help, you may report this error at:
12 error     <https://github.com/npm/npm/issues>
13 verbose exit [ 1, true ]
